<?xml version="1.0" encoding="UTF-8"?>
<!-- Generated by org.testng.reporters.JUnitReportReporter -->
<testsuite hostname="CESIT-LAP-0135" failures="0" tests="2" name="cesAuto.RunnerCES" time="9.463" errors="0" timestamp="2022-07-12T17:54:08 IST" skipped="0">
  <testcase classname="cesAuto.RunnerCES" name="testCases" time="5.214"/>
  <system-out/>
  <testcase classname="cesAuto.RunnerCES" name="testCases" time="4.249"/>
  <system-out/>
</testsuite> <!-- cesAuto.RunnerCES -->
