<?xml version="1.0" encoding="UTF-8"?>
<!-- Generated by org.testng.reporters.JUnitReportReporter -->
<testsuite hostname="CESIT-LAP-0135" failures="0" tests="2" name="cesAuto.Runner" time="9.467" errors="0" timestamp="2022-07-12T17:50:59 IST" skipped="0">
  <testcase classname="cesAuto.Runner" name="testCases" time="5.330"/>
  <system-out/>
  <testcase classname="cesAuto.Runner" name="testCases" time="4.137"/>
  <system-out/>
</testsuite> <!-- cesAuto.Runner -->
