<?xml version="1.0" encoding="UTF-8"?>
<!-- Generated by org.testng.reporters.JUnitReportReporter -->
<testsuite hostname="CESIT-LAP-0135" failures="0" tests="2" name="testCASE.demo" time="4.466" errors="0" timestamp="2022-04-20T18:25:52 IST" skipped="0">
  <testcase classname="testCASE.demo" name="demoAPI" time="2.175"/>
  <system-out>
    <![CDATA[200]]>
  </system-out>
  <testcase classname="testCASE.demo" name="demoWEB" time="2.291"/>
  <system-out/>
</testsuite> <!-- testCASE.demo -->
