<?xml version="1.0" encoding="UTF-8"?>
<!-- Generated by org.testng.reporters.JUnitReportReporter -->
<testsuite hostname="CESIT-LAP-0135" failures="0" tests="1" name="KeyDriven.Runner" time="7.408" errors="0" timestamp="2022-07-11T16:32:13 IST" skipped="0">
  <testcase classname="KeyDriven.Runner" name="testCases" time="7.408"/>
  <system-out/>
</testsuite> <!-- KeyDriven.Runner -->
