<?xml version="1.0" encoding="UTF-8"?>
<!-- Generated by org.testng.reporters.JUnitReportReporter -->
<testsuite hostname="CESIT-LAP-0135" failures="0" tests="2" name="testCASE.TestCaseDemo1" time="8.445" errors="0" timestamp="2022-03-10T17:03:40 IST" skipped="0">
  <testcase classname="testCASE.TestCaseDemo1" name="demo1TC" time="5.867"/>
  <system-out/>
  <testcase classname="testCASE.TestCaseDemo1" name="demo2TC" time="2.578"/>
  <system-out/>
</testsuite> <!-- testCASE.TestCaseDemo1 -->
