<?xml version="1.0" encoding="UTF-8"?>
<!-- Generated by org.testng.reporters.JUnitReportReporter -->
<testsuite hostname="CESIT-LAP-0135" failures="0" tests="1" name="DVBDD.Runner" time="14.829" errors="0" timestamp="2022-05-14T19:31:19 IST" skipped="0">
  <testcase classname="DVBDD.Runner" name="test1" time="14.829"/>
  <system-out/>
</testsuite> <!-- DVBDD.Runner -->
