<?xml version="1.0" encoding="UTF-8"?>
<!-- Generated by org.testng.reporters.JUnitReportReporter -->
<testsuite hostname="CESIT-LAP-0135" failures="0" tests="1" name="DVBDD.SingleFileRunner" time="0.004" errors="0" timestamp="2022-07-08T21:05:40 IST" skipped="0">
  <testcase classname="DVBDD.SingleFileRunner" name="singleTestCase" time="0.004"/>
  <system-out/>
</testsuite> <!-- DVBDD.SingleFileRunner -->
