<?xml version="1.0" encoding="UTF-8"?>
<!-- Generated by org.testng.reporters.JUnitReportReporter -->
<testsuite hostname="CESIT-LAP-0135" failures="0" tests="1" name="testCASE.TestCaseDemo1" time="0.010" errors="0" timestamp="2022-06-02T20:42:05 IST" skipped="0">
  <testcase classname="testCASE.TestCaseDemo1" name="demo2" time="0.010"/>
  <system-out/>
</testsuite> <!-- testCASE.TestCaseDemo1 -->
