<?xml version="1.0" encoding="UTF-8"?>
<!-- Generated by org.testng.reporters.JUnitReportReporter -->
<testsuite hostname="CESIT-LAP-0135" failures="0" tests="1" name="DVBDD.Runner" time="0.019" errors="0" timestamp="2022-05-18T23:35:34 IST" skipped="0">
  <testcase classname="DVBDD.Runner" name="test1" time="0.019"/>
  <system-out/>
</testsuite> <!-- DVBDD.Runner -->
