<?xml version="1.0" encoding="UTF-8"?>
<!-- Generated by org.testng.reporters.JUnitReportReporter -->
<testsuite hostname="CESIT-LAP-0135" failures="0" tests="1" name="testCASE.WebTest" time="0.005" errors="0" timestamp="2022-05-17T19:48:25 IST" skipped="0">
  <testcase classname="testCASE.WebTest" name="demoWEB" time="0.005"/>
  <system-out/>
</testsuite> <!-- testCASE.WebTest -->
