<?xml version="1.0" encoding="UTF-8"?>
<!-- Generated by org.testng.reporters.JUnitReportReporter -->
<testsuite hostname="CESIT-LAP-0135" failures="0" tests="2" name="DVBDD.Runner" time="9.593" errors="0" timestamp="2022-07-07T21:25:55 IST" skipped="0">
  <testcase classname="DVBDD.Runner" name="testCases" time="3.241"/>
  <system-out/>
  <testcase classname="DVBDD.Runner" name="testCases" time="6.352"/>
  <system-out/>
</testsuite> <!-- DVBDD.Runner -->
