<?xml version="1.0" encoding="UTF-8"?>
<!-- Generated by org.testng.reporters.JUnitReportReporter -->
<testsuite hostname="CESIT-LAP-0135" failures="0" tests="1" name="DVBDD.Runner" time="7.141" errors="0" timestamp="2022-07-11T16:29:50 IST" skipped="0">
  <testcase classname="DVBDD.Runner" name="testCases" time="7.141"/>
  <system-out/>
</testsuite> <!-- DVBDD.Runner -->
