<?xml version="1.0" encoding="UTF-8"?>
<!-- Generated by org.testng.reporters.JUnitReportReporter -->
<testsuite hostname="CESIT-LAP-0135" failures="0" tests="2" name="cesAuto.RunnerCES" time="9.836" errors="0" timestamp="2022-07-13T19:22:26 IST" skipped="0">
  <testcase classname="cesAuto.RunnerCES" name="testCases" time="7.402"/>
  <system-out/>
  <testcase classname="cesAuto.RunnerCES" name="testCases" time="2.434"/>
  <system-out/>
</testsuite> <!-- cesAuto.RunnerCES -->
