<?xml version="1.0" encoding="UTF-8"?>
<!-- Generated by org.testng.reporters.JUnitReportReporter -->
<testsuite hostname="CESIT-LAP-0135" failures="0" tests="1" name="testCASE.TestCaseDemo1" time="20.959" errors="0" timestamp="2022-04-07T16:39:36 IST" skipped="0">
  <testcase classname="testCASE.TestCaseDemo1" name="demo1TC" time="20.959"/>
  <system-out/>
</testsuite> <!-- testCASE.TestCaseDemo1 -->
