<?xml version="1.0" encoding="UTF-8"?>
<!-- Generated by org.testng.reporters.JUnitReportReporter -->
<testsuite hostname="CESIT-LAP-0135" failures="0" tests="2" name="DVBDD.Runner" time="18.209" errors="0" timestamp="2022-06-20T21:26:18 IST" skipped="0">
  <testcase classname="DVBDD.Runner" name="testCases" time="9.105"/>
  <system-out/>
  <testcase classname="DVBDD.Runner" name="testCases" time="9.104"/>
  <system-out/>
</testsuite> <!-- DVBDD.Runner -->
