<?xml version="1.0" encoding="UTF-8"?>
<!-- Generated by org.testng.reporters.JUnitReportReporter -->
<testsuite hostname="CESIT-LAP-0135" failures="0" tests="4" name="DVBDD.Runner" time="21.820" errors="0" timestamp="2022-07-08T21:06:15 IST" skipped="0">
  <testcase classname="DVBDD.Runner" name="testCases" time="6.803"/>
  <system-out/>
  <testcase classname="DVBDD.Runner" name="testCases" time="0.002"/>
  <system-out/>
  <testcase classname="DVBDD.Runner" name="testCases" time="8.913"/>
  <system-out/>
  <testcase classname="DVBDD.Runner" name="testCases" time="6.102"/>
  <system-out/>
</testsuite> <!-- DVBDD.Runner -->
